This is pdfTeX, Version 3.1415926-2.5-1.40.14 (MiKTeX 2.9 64-bit) (preloaded format=pdflatex 2015.3.13)  27 MAR 2015 15:09
entering extended mode
**DraftEdwardsWoods.tex

(C:\Users\Michael\Documents\EnergyEthnicity\ConferencePaper\DraftEdwardsWoods.t
ex
LaTeX2e <2011/06/27>
Babel <v3.8m> and hyphenation patterns for english, afrikaans, ancientgreek, ar
abic, armenian, assamese, basque, bengali, bokmal, bulgarian, catalan, coptic, 
croatian, czech, danish, dutch, esperanto, estonian, farsi, finnish, french, ga
lician, german, german-x-2013-05-26, greek, gujarati, hindi, hungarian, iceland
ic, indonesian, interlingua, irish, italian, kannada, kurmanji, latin, latvian,
 lithuanian, malayalam, marathi, mongolian, mongolianlmc, monogreek, ngerman, n
german-x-2013-05-26, nynorsk, oriya, panjabi, pinyin, polish, portuguese, roman
ian, russian, sanskrit, serbian, slovak, slovenian, spanish, swedish, swissgerm
an, tamil, telugu, turkish, turkmen, ukenglish, ukrainian, uppersorbian, usengl
ishmax, welsh, loaded.
("C:\Program Files\MiKTeX 2.9\tex\latex\base\article.cls"
Document Class: article 2007/10/19 v1.4h Standard LaTeX document class
("C:\Program Files\MiKTeX 2.9\tex\latex\base\size10.clo"
File: size10.clo 2007/10/19 v1.4h Standard LaTeX file (size option)
)
\c@part=\count79
\c@section=\count80
\c@subsection=\count81
\c@subsubsection=\count82
\c@paragraph=\count83
\c@subparagraph=\count84
\c@figure=\count85
\c@table=\count86
\abovecaptionskip=\skip41
\belowcaptionskip=\skip42
\bibindent=\dimen102
)
("C:\Program Files\MiKTeX 2.9\tex\latex\draftwatermark\draftwatermark.sty"
Package: draftwatermark 2006/06/30 1.0 Put a gray textual watermark on document
 pages

("C:\Program Files\MiKTeX 2.9\tex\latex\everypage\everypage.sty"
Package: everypage 2007/06/20 1.1 Hooks to run on every page
)
("C:\Program Files\MiKTeX 2.9\tex\latex\graphics\graphicx.sty"
Package: graphicx 1999/02/16 v1.0f Enhanced LaTeX Graphics (DPC,SPQR)

("C:\Program Files\MiKTeX 2.9\tex\latex\graphics\keyval.sty"
Package: keyval 1999/03/16 v1.13 key=value parser (DPC)
\KV@toks@=\toks14
)
("C:\Program Files\MiKTeX 2.9\tex\latex\graphics\graphics.sty"
Package: graphics 2009/02/05 v1.0o Standard LaTeX Graphics (DPC,SPQR)

("C:\Program Files\MiKTeX 2.9\tex\latex\graphics\trig.sty"
Package: trig 1999/03/16 v1.09 sin cos tan (DPC)
)
("C:\Program Files\MiKTeX 2.9\tex\latex\00miktex\graphics.cfg"
File: graphics.cfg 2007/01/18 v1.5 graphics configuration of teTeX/TeXLive
)
Package graphics Info: Driver file: pdftex.def on input line 91.

("C:\Program Files\MiKTeX 2.9\tex\latex\pdftex-def\pdftex.def"
File: pdftex.def 2011/05/27 v0.06d Graphics/color for pdfTeX

("C:\Program Files\MiKTeX 2.9\tex\generic\oberdiek\infwarerr.sty"
Package: infwarerr 2010/04/08 v1.3 Providing info/warning/error messages (HO)
)
("C:\Program Files\MiKTeX 2.9\tex\generic\oberdiek\ltxcmds.sty"
Package: ltxcmds 2011/11/09 v1.22 LaTeX kernel commands for general use (HO)
)
\Gread@gobject=\count87
))
\Gin@req@height=\dimen103
\Gin@req@width=\dimen104
)
("C:\Program Files\MiKTeX 2.9\tex\latex\graphics\color.sty"
Package: color 2005/11/14 v1.0j Standard LaTeX Color (DPC)

("C:\Program Files\MiKTeX 2.9\tex\latex\00miktex\color.cfg"
File: color.cfg 2007/01/18 v1.5 color configuration of teTeX/TeXLive
)
Package color Info: Driver file: pdftex.def on input line 130.
)
\sc@wm@fontsize=\skip43
)
("C:\Program Files\MiKTeX 2.9\tex\latex\tools\longtable.sty"
Package: longtable 2004/02/01 v4.11 Multi-page Table package (DPC)
\LTleft=\skip44
\LTright=\skip45
\LTpre=\skip46
\LTpost=\skip47
\LTchunksize=\count88
\LTcapwidth=\dimen105
\LT@head=\box26
\LT@firsthead=\box27
\LT@foot=\box28
\LT@lastfoot=\box29
\LT@cols=\count89
\LT@rows=\count90
\c@LT@tables=\count91
\c@LT@chunks=\count92
\LT@p@ftn=\toks15
)
(C:/PROGRA~1/R/R-31~1.3/share/texmf/tex/latex\Sweave.sty
Package: Sweave 

("C:\Program Files\MiKTeX 2.9\tex\latex\base\ifthen.sty"
Package: ifthen 2001/05/26 v1.1c Standard LaTeX ifthen package (DPC)
)
("C:\Program Files\MiKTeX 2.9\tex\latex\fancyvrb\fancyvrb.sty"
Package: fancyvrb 2008/02/07

Style option: `fancyvrb' v2.7a, with DG/SPQR fixes, and firstline=lastline fix 
<2008/02/07> (tvz)
\FV@CodeLineNo=\count93
\FV@InFile=\read1
\FV@TabBox=\box30
\c@FancyVerbLine=\count94
\FV@StepNumber=\count95
\FV@OutFile=\write3
) ("C:\Program Files\MiKTeX 2.9\tex\latex\base\textcomp.sty"
Package: textcomp 2005/09/27 v1.99g Standard LaTeX package
Package textcomp Info: Sub-encoding information:
(textcomp)               5 = only ISO-Adobe without \textcurrency
(textcomp)               4 = 5 + \texteuro
(textcomp)               3 = 4 + \textohm
(textcomp)               2 = 3 + \textestimated + \textcurrency
(textcomp)               1 = TS1 - \textcircled - \t
(textcomp)               0 = TS1 (full)
(textcomp)             Font families with sub-encoding setting implement
(textcomp)             only a restricted character set as indicated.
(textcomp)             Family '?' is the default used for unknown fonts.
(textcomp)             See the documentation for details.
Package textcomp Info: Setting ? sub-encoding to TS1/1 on input line 71.

("C:\Program Files\MiKTeX 2.9\tex\latex\base\ts1enc.def"
File: ts1enc.def 2001/06/05 v3.0e (jk/car/fm) Standard LaTeX file
)
LaTeX Info: Redefining \oldstylenums on input line 266.
Package textcomp Info: Setting cmr sub-encoding to TS1/0 on input line 281.
Package textcomp Info: Setting cmss sub-encoding to TS1/0 on input line 282.
Package textcomp Info: Setting cmtt sub-encoding to TS1/0 on input line 283.
Package textcomp Info: Setting cmvtt sub-encoding to TS1/0 on input line 284.
Package textcomp Info: Setting cmbr sub-encoding to TS1/0 on input line 285.
Package textcomp Info: Setting cmtl sub-encoding to TS1/0 on input line 286.
Package textcomp Info: Setting ccr sub-encoding to TS1/0 on input line 287.
Package textcomp Info: Setting ptm sub-encoding to TS1/4 on input line 288.
Package textcomp Info: Setting pcr sub-encoding to TS1/4 on input line 289.
Package textcomp Info: Setting phv sub-encoding to TS1/4 on input line 290.
Package textcomp Info: Setting ppl sub-encoding to TS1/3 on input line 291.
Package textcomp Info: Setting pag sub-encoding to TS1/4 on input line 292.
Package textcomp Info: Setting pbk sub-encoding to TS1/4 on input line 293.
Package textcomp Info: Setting pnc sub-encoding to TS1/4 on input line 294.
Package textcomp Info: Setting pzc sub-encoding to TS1/4 on input line 295.
Package textcomp Info: Setting bch sub-encoding to TS1/4 on input line 296.
Package textcomp Info: Setting put sub-encoding to TS1/5 on input line 297.
Package textcomp Info: Setting uag sub-encoding to TS1/5 on input line 298.
Package textcomp Info: Setting ugq sub-encoding to TS1/5 on input line 299.
Package textcomp Info: Setting ul8 sub-encoding to TS1/4 on input line 300.
Package textcomp Info: Setting ul9 sub-encoding to TS1/4 on input line 301.
Package textcomp Info: Setting augie sub-encoding to TS1/5 on input line 302.
Package textcomp Info: Setting dayrom sub-encoding to TS1/3 on input line 303.
Package textcomp Info: Setting dayroms sub-encoding to TS1/3 on input line 304.

Package textcomp Info: Setting pxr sub-encoding to TS1/0 on input line 305.
Package textcomp Info: Setting pxss sub-encoding to TS1/0 on input line 306.
Package textcomp Info: Setting pxtt sub-encoding to TS1/0 on input line 307.
Package textcomp Info: Setting txr sub-encoding to TS1/0 on input line 308.
Package textcomp Info: Setting txss sub-encoding to TS1/0 on input line 309.
Package textcomp Info: Setting txtt sub-encoding to TS1/0 on input line 310.
Package textcomp Info: Setting lmr sub-encoding to TS1/0 on input line 311.
Package textcomp Info: Setting lmdh sub-encoding to TS1/0 on input line 312.
Package textcomp Info: Setting lmss sub-encoding to TS1/0 on input line 313.
Package textcomp Info: Setting lmssq sub-encoding to TS1/0 on input line 314.
Package textcomp Info: Setting lmvtt sub-encoding to TS1/0 on input line 315.
Package textcomp Info: Setting qhv sub-encoding to TS1/0 on input line 316.
Package textcomp Info: Setting qag sub-encoding to TS1/0 on input line 317.
Package textcomp Info: Setting qbk sub-encoding to TS1/0 on input line 318.
Package textcomp Info: Setting qcr sub-encoding to TS1/0 on input line 319.
Package textcomp Info: Setting qcs sub-encoding to TS1/0 on input line 320.
Package textcomp Info: Setting qpl sub-encoding to TS1/0 on input line 321.
Package textcomp Info: Setting qtm sub-encoding to TS1/0 on input line 322.
Package textcomp Info: Setting qzc sub-encoding to TS1/0 on input line 323.
Package textcomp Info: Setting qhvc sub-encoding to TS1/0 on input line 324.
Package textcomp Info: Setting futs sub-encoding to TS1/4 on input line 325.
Package textcomp Info: Setting futx sub-encoding to TS1/4 on input line 326.
Package textcomp Info: Setting futj sub-encoding to TS1/4 on input line 327.
Package textcomp Info: Setting hlh sub-encoding to TS1/3 on input line 328.
Package textcomp Info: Setting hls sub-encoding to TS1/3 on input line 329.
Package textcomp Info: Setting hlst sub-encoding to TS1/3 on input line 330.
Package textcomp Info: Setting hlct sub-encoding to TS1/5 on input line 331.
Package textcomp Info: Setting hlx sub-encoding to TS1/5 on input line 332.
Package textcomp Info: Setting hlce sub-encoding to TS1/5 on input line 333.
Package textcomp Info: Setting hlcn sub-encoding to TS1/5 on input line 334.
Package textcomp Info: Setting hlcw sub-encoding to TS1/5 on input line 335.
Package textcomp Info: Setting hlcf sub-encoding to TS1/5 on input line 336.
Package textcomp Info: Setting pplx sub-encoding to TS1/3 on input line 337.
Package textcomp Info: Setting pplj sub-encoding to TS1/3 on input line 338.
Package textcomp Info: Setting ptmx sub-encoding to TS1/4 on input line 339.
Package textcomp Info: Setting ptmj sub-encoding to TS1/4 on input line 340.
)
("C:\Program Files\MiKTeX 2.9\tex\latex\base\fontenc.sty"
Package: fontenc 2005/09/27 v1.99g Standard LaTeX package

("C:\Program Files\MiKTeX 2.9\tex\latex\base\t1enc.def"
File: t1enc.def 2005/09/27 v1.99g Standard LaTeX file
LaTeX Font Info:    Redeclaring font encoding T1 on input line 43.
))
("C:\Program Files\MiKTeX 2.9\tex\latex\ae\ae.sty"
Package: ae 2001/02/12 1.3 Almost European Computer Modern

("C:\Program Files\MiKTeX 2.9\tex\latex\base\fontenc.sty"
Package: fontenc 2005/09/27 v1.99g Standard LaTeX package

("C:\Program Files\MiKTeX 2.9\tex\latex\base\t1enc.def"
File: t1enc.def 2005/09/27 v1.99g Standard LaTeX file
LaTeX Font Info:    Redeclaring font encoding T1 on input line 43.
)
LaTeX Font Info:    Try loading font information for T1+aer on input line 100.

("C:\Program Files\MiKTeX 2.9\tex\latex\ae\t1aer.fd"
File: t1aer.fd 1997/11/16 Font definitions for T1/aer.
))))
(C:\Users\Michael\Documents\EnergyEthnicity\ConferencePaper\DraftEdwardsWoods.a
ux)
LaTeX Font Info:    Checking defaults for OML/cmm/m/it on input line 13.
LaTeX Font Info:    ... okay on input line 13.
LaTeX Font Info:    Checking defaults for T1/cmr/m/n on input line 13.
LaTeX Font Info:    ... okay on input line 13.
LaTeX Font Info:    Checking defaults for OT1/cmr/m/n on input line 13.
LaTeX Font Info:    ... okay on input line 13.
LaTeX Font Info:    Checking defaults for OMS/cmsy/m/n on input line 13.
LaTeX Font Info:    ... okay on input line 13.
LaTeX Font Info:    Checking defaults for OMX/cmex/m/n on input line 13.
LaTeX Font Info:    ... okay on input line 13.
LaTeX Font Info:    Checking defaults for U/cmr/m/n on input line 13.
LaTeX Font Info:    ... okay on input line 13.
LaTeX Font Info:    Checking defaults for TS1/cmr/m/n on input line 13.
LaTeX Font Info:    Try loading font information for TS1+cmr on input line 13.
 ("C:\Program Files\MiKTeX 2.9\tex\latex\base\ts1cmr.fd"
File: ts1cmr.fd 1999/05/25 v2.5h Standard LaTeX font definitions
)
LaTeX Font Info:    ... okay on input line 13.

("C:\Program Files\MiKTeX 2.9\tex\context\base\supp-pdf.mkii"
[Loading MPS to PDF converter (version 2006.09.02).]
\scratchcounter=\count96
\scratchdimen=\dimen106
\scratchbox=\box31
\nofMPsegments=\count97
\nofMParguments=\count98
\everyMPshowfont=\toks16
\MPscratchCnt=\count99
\MPscratchDim=\dimen107
\MPnumerator=\count100
\makeMPintoPDFobject=\count101
\everyMPtoPDFconversion=\toks17
)
LaTeX Font Info:    External font `cmex10' loaded for size
(Font)              <12> on input line 14.
LaTeX Font Info:    External font `cmex10' loaded for size
(Font)              <8> on input line 14.
LaTeX Font Info:    External font `cmex10' loaded for size
(Font)              <6> on input line 14.

(C:\Users\Michael\Documents\EnergyEthnicity\ConferencePaper\DraftEdwardsWoods-c
oncordance.tex) [1{C:/ProgramData/MiKTeX/2.9/pdftex/config/pdftex.map}

]
LaTeX Font Info:    Try loading font information for TS1+aer on input line 52.

(C:/PROGRA~1/R/R-31~1.3/share/texmf/tex/latex\ts1aer.fd
File: ts1aer.fd 
)
LaTeX Font Info:    Font shape `TS1/aer/m/n' in size <10> not available
(Font)              Font shape `TS1/cmr/m/n' tried instead on input line 52.
 [2]
! You can't use `macro parameter character #' in horizontal mode.
l.84 ...her.  For our purposes head of household #
                                                  2 is ignored.
Sorry, but I'm not programmed to handle this case;
I'll just pretend that you didn't ask for it.
If you're in the wrong mode, you might be able to
return to the right one by typing `I}' or `I$' or `I\par'.

[3] [4]
LaTeX Font Info:    External font `cmex10' loaded for size
(Font)              <7> on input line 96.
LaTeX Font Info:    External font `cmex10' loaded for size
(Font)              <5> on input line 96.

Overfull \hbox (56.6767pt too wide) in paragraph at lines 96--116
 [][] 
 []


Overfull \hbox (19.9267pt too wide) in paragraph at lines 123--133
 [][] 
 []

<DraftEdwardsWoods-005.pdf, id=22, 433.62pt x 433.62pt>
File: DraftEdwardsWoods-005.pdf Graphic file (type pdf)

<use DraftEdwardsWoods-005.pdf>
Package pdftex.def Info: DraftEdwardsWoods-005.pdf used on input line 140.
(pdftex.def)             Requested size: 276.00105pt x 276.0139pt.

<DraftEdwardsWoods-006.pdf, id=23, 433.62pt x 433.62pt>
File: DraftEdwardsWoods-006.pdf Graphic file (type pdf)

<use DraftEdwardsWoods-006.pdf>
Package pdftex.def Info: DraftEdwardsWoods-006.pdf used on input line 150.
(pdftex.def)             Requested size: 276.00105pt x 276.0139pt.

<DraftEdwardsWoods-007.pdf, id=24, 433.62pt x 433.62pt>
File: DraftEdwardsWoods-007.pdf Graphic file (type pdf)

<use DraftEdwardsWoods-007.pdf>
Package pdftex.def Info: DraftEdwardsWoods-007.pdf used on input line 156.
(pdftex.def)             Requested size: 276.00105pt x 276.0139pt.

Overfull \hbox (9.92125pt too wide) in paragraph at lines 161--161
[]\T1/aer/bx/n/12 Race and Eth-nic-ity Dif-fer-ences in Equip-ment and Struc-
 []

[5] [6 <C:/Users/Michael/Documents/EnergyEthnicity/ConferencePaper/DraftEdwards
Woods-005.pdf>] [7 <C:/Users/Michael/Documents/EnergyEthnicity/ConferencePaper/
DraftEdwardsWoods-006.pdf>] [8 <C:/Users/Michael/Documents/EnergyEthnicity/Conf
erencePaper/DraftEdwardsWoods-007.pdf>]
Overfull \hbox (27.61786pt too wide) in paragraph at lines 239--259
 [][] 
 []


Overfull \hbox (72.83707pt too wide) in paragraph at lines 266--286
 [][] 
 []


Overfull \hbox (62.22636pt too wide) in paragraph at lines 293--313
 [][] 
 []

<DraftEdwardsWoods-013.pdf, id=53, 433.62pt x 433.62pt>
File: DraftEdwardsWoods-013.pdf Graphic file (type pdf)

<use DraftEdwardsWoods-013.pdf>
Package pdftex.def Info: DraftEdwardsWoods-013.pdf used on input line 320.
(pdftex.def)             Requested size: 276.00105pt x 276.0139pt.
 [9] [10 <C:/Users/Michael/Documents/EnergyEthnicity/ConferencePaper/DraftEdwar
dsWoods-013.pdf>]
Overfull \hbox (92.04689pt too wide) in paragraph at lines 339--359
 [][] 
 []

<DraftEdwardsWoods-015.pdf, id=65, 433.62pt x 433.62pt>
File: DraftEdwardsWoods-015.pdf Graphic file (type pdf)

<use DraftEdwardsWoods-015.pdf>
Package pdftex.def Info: DraftEdwardsWoods-015.pdf used on input line 366.
(pdftex.def)             Requested size: 276.00105pt x 276.0139pt.

<DraftEdwardsWoods-016.pdf, id=66, 433.62pt x 433.62pt>
File: DraftEdwardsWoods-016.pdf Graphic file (type pdf)

<use DraftEdwardsWoods-016.pdf>
Package pdftex.def Info: DraftEdwardsWoods-016.pdf used on input line 374.
(pdftex.def)             Requested size: 276.00105pt x 276.0139pt.

<DraftEdwardsWoods-017.pdf, id=67, 433.62pt x 433.62pt>
File: DraftEdwardsWoods-017.pdf Graphic file (type pdf)

<use DraftEdwardsWoods-017.pdf>
Package pdftex.def Info: DraftEdwardsWoods-017.pdf used on input line 383.
(pdftex.def)             Requested size: 276.00105pt x 276.0139pt.

<DraftEdwardsWoods-018.pdf, id=68, 433.62pt x 433.62pt>
File: DraftEdwardsWoods-018.pdf Graphic file (type pdf)

<use DraftEdwardsWoods-018.pdf>
Package pdftex.def Info: DraftEdwardsWoods-018.pdf used on input line 393.
(pdftex.def)             Requested size: 276.00105pt x 276.0139pt.

<DraftEdwardsWoods-019.pdf, id=69, 433.62pt x 433.62pt>
File: DraftEdwardsWoods-019.pdf Graphic file (type pdf)

<use DraftEdwardsWoods-019.pdf>
Package pdftex.def Info: DraftEdwardsWoods-019.pdf used on input line 402.
(pdftex.def)             Requested size: 276.00105pt x 276.0139pt.

<DraftEdwardsWoods-020.pdf, id=70, 433.62pt x 433.62pt>
File: DraftEdwardsWoods-020.pdf Graphic file (type pdf)

<use DraftEdwardsWoods-020.pdf>
Package pdftex.def Info: DraftEdwardsWoods-020.pdf used on input line 411.
(pdftex.def)             Requested size: 276.00105pt x 276.0139pt.


LaTeX Warning: Float too large for page by 95.07986pt on input line 487.

[11] [12 <C:/Users/Michael/Documents/EnergyEthnicity/ConferencePaper/DraftEdwar
dsWoods-015.pdf>] [13 <C:/Users/Michael/Documents/EnergyEthnicity/ConferencePap
er/DraftEdwardsWoods-016.pdf>] [14 <C:/Users/Michael/Documents/EnergyEthnicity/
ConferencePaper/DraftEdwardsWoods-017.pdf>] [15 <C:/Users/Michael/Documents/Ene
rgyEthnicity/ConferencePaper/DraftEdwardsWoods-018.pdf>] [16 <C:/Users/Michael/
Documents/EnergyEthnicity/ConferencePaper/DraftEdwardsWoods-019.pdf>] [17 <C:/U
sers/Michael/Documents/EnergyEthnicity/ConferencePaper/DraftEdwardsWoods-020.pd
f>]
! Missing $ inserted.
<inserted text> 
                $
l.509 ...les as follows: income, educ, race5, age_
                                                  1, age_2.  The base chosen...
I've inserted a begin-math/end-math symbol since I think
you left one out. Proceed, with fingers crossed.

! Missing $ inserted.
<inserted text> 
                $
l.511 
      
I've inserted a begin-math/end-math symbol since I think
you left one out. Proceed, with fingers crossed.


Overfull \hbox (3020.79411pt too wide) in paragraph at lines 508--511
\T1/aer/m/n/10 come, educ, race5, age$[]\OML/cmm/m/it/10 ; age[]:Thebasechosenw
asthatofhouserenters; representedhereasthefirstcategory\OT1/cmr/m/n/10 (\OML/cm
m/m/it/10 seeappendix\OT1/cmr/m/n/10 )\OML/cmm/m/it/10 :Here; race\OT1/cmr/m/n/
10 5\OML/cmm/m/it/10 representswhethertheheadofthehouseholdiswhite:Runningthemu
ltinomiallogitwithallraisesincludedasindependentvariablesprovedproblematic; and
largelyinsignificant:Agesofchildrenwereleftseparateinanattempttomodelthediffere
ncebetweenhouseholdswithchildrenofallagesandthosewithonlyyoungchildren:Havingon
lyyoungchildrenmayrepresenthouseholdsinstarterhomeswhoarenotnecessarilywellesta
blished:Aswellhouseholdswithchildrenovertheageofeighteenareessentiallyignoredan
dtreatedasadults:Anotheriterationofthemodelisalsodownremovingthechildrenvariabl
esandinsteadusingresidentcount:Thepseudor \OMS/cmsy/m/n/10  $
 []


Overfull \hbox (217.28339pt too wide) in paragraph at lines 508--511
$\OML/cmm/m/it/10 squaredforthefirstmodelspecifiedis\OT1/cmr/m/n/10 0\OML/cmm/m
/it/10 :\OT1/cmr/m/n/10 0912\OML/cmm/m/it/10 ; whichlowitisimportanttobearinmin
dtheproblematicnatureofinterpretingpseudor \OMS/cmsy/m/n/10  $
 []

[18]
! Missing $ inserted.
<inserted text> 
                $
l.518 ...xceptions to the significance are in age_
                                                  1, children under five for...
I've inserted a begin-math/end-math symbol since I think
you left one out. Proceed, with fingers crossed.

! Missing $ inserted.
<inserted text> 
                $
l.520 
      
I've inserted a begin-math/end-math symbol since I think
you left one out. Proceed, with fingers crossed.


Overfull \hbox (3002.68161pt too wide) in paragraph at lines 514--520
\T1/aer/m/n/10 age$[]\OML/cmm/m/it/10 ; childrenunderfiveforbothlargeandsmallap
artmentcomplexeswherehouseholdsrentaswellastherentalofmobilehomes:Itisimportant
tonotethatineachcategorythevalueofage[]andage[]coefficientsisnegative; whichadd
sverylittletoourinterpretationsofthemodel:Further; whenwereplacethechildrenvari
ableswiththatofresidentcountinthemodelweobtainasimilarresultwhereallcoefficient
sarenegative; andallstatisticallysignificant; incomparisontoourbaseofhouserenta
l:Whenthemodelasspecifiedfirst; isranusingamultinomiallogitvcebootstrappingther
esultsareslightlydifferentwithregardstochildren:Now; whileinplacesnotstatistica
llysignificant\OT1/cmr/m/n/10 (\OML/cmm/m/it/10 seeappendix\OT1/cmr/m/n/10 )\OM
L/cmm/m/it/10 theredoesappeartobeatrendtowardstheresultsarethesame:Furtherexami
nationisneeded:$ 
 []

[19]
Overfull \hbox (96.95866pt too wide) in alignment at lines 530--553
 [] [] [] [] [] 
 []


Underfull \vbox (badness 10000) detected at line 553
 []


Overfull \hbox (96.95866pt too wide) in alignment at lines 553--572
 [] [] [] [] [] 
 []

[20] [21] [22] [23]
(C:\Users\Michael\Documents\EnergyEthnicity\ConferencePaper\DraftEdwardsWoods.b
bl)
Overfull \hbox (104.01912pt too wide) in alignment at lines 684--707
 [] [] [] [] [] 
 []


Underfull \vbox (badness 10000) detected at line 707
 []


Overfull \hbox (104.01912pt too wide) in alignment at lines 707--727
 [] [] [] [] [] 
 []


Overfull \hbox (104.01912pt too wide) in alignment at lines 727--747
 [] [] [] [] [] 
 []

[24]
Overfull \hbox (104.01912pt too wide) in alignment at lines 747--767
 [] [] [] [] [] 
 []


Overfull \hbox (104.01912pt too wide) in alignment at lines 767--781
 [] [] [] [] [] 
 []

[25]
Overfull \hbox (28.0796pt too wide) in alignment at lines 787--810
 [] [] [] [] [] 
 []


Underfull \vbox (badness 10000) detected at line 810
 []


Overfull \hbox (28.0796pt too wide) in alignment at lines 810--830
 [] [] [] [] [] 
 []

[26] [27] [28]
(C:\Users\Michael\Documents\EnergyEthnicity\ConferencePaper\DraftEdwardsWoods.a
ux) ) 
Here is how much of TeX's memory you used:
 2631 strings out of 493921
 37563 string characters out of 3147276
 116614 words of memory out of 3000000
 5853 multiletter control sequences out of 15000+200000
 32506 words of font info for 70 fonts, out of 3000000 for 9000
 841 hyphenation exceptions out of 8191
 35i,11n,28p,2061b,304s stack positions out of 5000i,500n,10000p,200000b,50000s
 <C:\Users\Michael\AppData\Local\MiKTeX\2.9\fonts\pk\ljfour\jknappen\ec\dp
i600\tcrm1000.pk><C:/Program Files/MiKTeX 2.9/fonts/type1/public/amsfonts/cm/cm
bx12.pfb><C:/Program Files/MiKTeX 2.9/fonts/type1/public/amsfonts/cm/cmbx9.pfb>
<C:/Program Files/MiKTeX 2.9/fonts/type1/public/amsfonts/cm/cmmi10.pfb><C:/Prog
ram Files/MiKTeX 2.9/fonts/type1/public/amsfonts/cm/cmr10.pfb><C:/Program Files
/MiKTeX 2.9/fonts/type1/public/amsfonts/cm/cmr12.pfb><C:/Program Files/MiKTeX 2
.9/fonts/type1/public/amsfonts/cm/cmr17.pfb><C:/Program Files/MiKTeX 2.9/fonts/
type1/public/amsfonts/cm/cmr7.pfb><C:/Program Files/MiKTeX 2.9/fonts/type1/publ
ic/amsfonts/cm/cmr9.pfb><C:/Program Files/MiKTeX 2.9/fonts/type1/public/amsfont
s/cm/cmsy10.pfb>
Output written on DraftEdwardsWoods.pdf (28 pages, 679498 bytes).
PDF statistics:
 194 PDF objects out of 1000 (max. 8388607)
 0 named destinations out of 1000 (max. 500000)
 55 words of extra memory for PDF output out of 10000 (max. 10000000)

